#
# There is insufficient memory for the Java Runtime Environment to continue.
# Native memory allocation (malloc) failed to allocate 666576 bytes for Chunk::new
# Possible reasons:
#   The system is out of physical RAM or swap space
#   In 32 bit mode, the process size limit was hit
# Possible solutions:
#   Reduce memory load on the system
#   Increase physical memory or swap space
#   Check if swap backing store is full
#   Use 64 bit Java on a 64 bit OS
#   Decrease Java heap size (-Xmx/-Xms)
#   Decrease number of Java threads
#   Decrease Java thread stack sizes (-Xss)
#   Set larger code cache with -XX:ReservedCodeCacheSize=
# This output file may be truncated or incomplete.
#
#  Out of Memory Error (allocation.cpp:390), pid=4040, tid=0x00000000000007f4
#
# JRE version: OpenJDK Runtime Environment (8.0_76-b03) (build 1.8.0_76-release-b03)
# Java VM: OpenJDK 64-Bit Server VM (25.76-b03 mixed mode windows-amd64 compressed oops)
# Failed to write core dump. Minidumps are not enabled by default on client versions of Windows
#

---------------  T H R E A D  ---------------

Current thread (0x0000000016567800):  JavaThread "C2 CompilerThread1" daemon [_thread_in_native, id=2036, stack(0x0000000017cd0000,0x0000000017dd0000)]

Stack: [0x0000000017cd0000,0x0000000017dd0000]
[error occurred during error reporting (printing stack bounds), id 0xc0000005]

Native frames: (J=compiled Java code, j=interpreted, Vv=VM code, C=native code)


Current CompileTask:
C2:   9262 3296       4       java.net.URLClassLoader$1::run (5 bytes)


---------------  P R O C E S S  ---------------

Java Threads: ( => current thread )
  0x000000001c7ce800 JavaThread "File lock request listener" [_thread_in_native, id=5328, stack(0x000000001ec00000,0x000000001ed00000)]
  0x00000000191d0800 JavaThread "Stdin handler" [_thread_blocked, id=5688, stack(0x000000001ad00000,0x000000001ae00000)]
  0x00000000191cf800 JavaThread "Asynchronous log dispatcher for org.gradle.launcher.daemon.server.DefaultDaemonConnection@26cab690" [_thread_blocked, id=188, stack(0x000000001ac00000,0x000000001ad00000)]
  0x00000000191ce800 JavaThread "Daemon worker" [_thread_in_vm, id=4612, stack(0x000000001ab00000,0x000000001ac00000)]
  0x00000000193f9000 JavaThread "Cancel handler" [_thread_blocked, id=6492, stack(0x000000001aa00000,0x000000001ab00000)]
  0x0000000019165800 JavaThread "Handler for socket connection from /127.0.0.1:59604 to /127.0.0.1:59605" [_thread_in_native, id=3140, stack(0x000000001a900000,0x000000001aa00000)]
  0x000000001915d000 JavaThread "Daemon" [_thread_blocked, id=5976, stack(0x000000001a800000,0x000000001a900000)]
  0x00000000193fb000 JavaThread "pool-1-thread-1" [_thread_blocked, id=3964, stack(0x000000001a700000,0x000000001a800000)]
  0x000000001911d800 JavaThread "Incoming local TCP Connector on port 59604" [_thread_in_native, id=6984, stack(0x0000000018cd0000,0x0000000018dd0000)]
  0x00000000165ce000 JavaThread "Service Thread" daemon [_thread_blocked, id=6572, stack(0x00000000182d0000,0x00000000183d0000)]
  0x000000001656e000 JavaThread "C1 CompilerThread2" daemon [_thread_in_vm, id=5880, stack(0x0000000017dd0000,0x0000000017ed0000)]
=>0x0000000016567800 JavaThread "C2 CompilerThread1" daemon [_thread_in_native, id=2036, stack(0x0000000017cd0000,0x0000000017dd0000)]
  0x0000000016577800 JavaThread "C2 CompilerThread0" daemon [_thread_in_native, id=4100, stack(0x0000000017bd0000,0x0000000017cd0000)]
  0x0000000016576000 JavaThread "Attach Listener" daemon [_thread_blocked, id=4016, stack(0x0000000017ad0000,0x0000000017bd0000)]
  0x0000000016575000 JavaThread "Signal Dispatcher" daemon [_thread_blocked, id=3524, stack(0x00000000179d0000,0x0000000017ad0000)]
  0x0000000002bfb000 JavaThread "Finalizer" daemon [_thread_blocked, id=7072, stack(0x00000000177d0000,0x00000000178d0000)]
  0x0000000002bef000 JavaThread "Reference Handler" daemon [_thread_blocked, id=2000, stack(0x00000000176d0000,0x00000000177d0000)]
  0x0000000002b00800 JavaThread "main" [_thread_blocked, id=5916, stack(0x0000000002990000,0x0000000002a90000)]

Other Threads:
  0x0000000016535800 VMThread [stack: 0x00000000175d0000,0x00000000176d0000] [id=4820]
  0x0000000017ee5000 WatcherThread [stack: 0x00000000183d0000,0x00000000184d0000] [id=4328]

VM state:not at safepoint (normal execution)

VM Mutex/Monitor currently owned by a thread: None

Heap:
 PSYoungGen      total 70656K, used 45450K [0x00000000e0000000, 0x00000000e5000000, 0x0000000100000000)
  eden space 62976K, 65% used [0x00000000e0000000,0x00000000e2832908,0x00000000e3d80000)
  from space 7680K, 55% used [0x00000000e4880000,0x00000000e4cb0010,0x00000000e5000000)
  to   space 7168K, 0% used [0x00000000e3d80000,0x00000000e3d80000,0x00000000e4480000)
 ParOldGen       total 37888K, used 10153K [0x00000000a0000000, 0x00000000a2500000, 0x00000000e0000000)
  object space 37888K, 26% used [0x00000000a0000000,0x00000000a09ea5b8,0x00000000a2500000)
 Metaspace       used 31992K, capacity 32570K, committed 32944K, reserved 1077248K
  class space    used 4306K, capacity 4454K, committed 4528K, reserved 1048576K

Card table byte_map: [0x0000000011fc0000,0x00000000122d0000] byte_map_base: 0x0000000011ac0000

Marking Bits: (ParMarkBitMap*) 0x0000000057fb9d00
 Begin Bits: [0x00000000128d0000, 0x00000000140d0000)
 End Bits:   [0x00000000140d0000, 0x00000000158d0000)

Polling page: 0x0000000001020000

CodeCache: size=245760Kb used=11603Kb max_used=12107Kb free=234157Kb
 bounds [0x0000000002c00000, 0x00000000037e0000, 0x0000000011c00000]
 total_blobs=3806 nmethods=3153 adapters=566
 compilation: enabled

Compilation events (10 events):
Event: 9.200 Thread 0x000000001656e000 3351       3       jdk.internal.org.objectweb.asm.AnnotationWriter::<init> (34 bytes)
Event: 9.201 Thread 0x000000001656e000 nmethod 3351 0x0000000002d4d590 code [0x0000000002d4d700, 0x0000000002d4d988]
Event: 9.201 Thread 0x000000001656e000 3352       3       jdk.internal.org.objectweb.asm.Frame::pop (45 bytes)
Event: 9.201 Thread 0x000000001656e000 nmethod 3352 0x0000000002fa6bd0 code [0x0000000002fa6d20, 0x0000000002fa6ef0]
Event: 9.202 Thread 0x000000001656e000 3353       3       jdk.internal.org.objectweb.asm.AnnotationWriter::visitEnd (43 bytes)
Event: 9.202 Thread 0x000000001656e000 nmethod 3353 0x00000000030c1b90 code [0x00000000030c1d00, 0x00000000030c1ef0]
Event: 9.212 Thread 0x000000001656e000 3354       3       java.util.jar.Manifest$FastInputStream::fill (38 bytes)
Event: 9.213 Thread 0x000000001656e000 nmethod 3354 0x0000000002d51f90 code [0x0000000002d52100, 0x0000000002d52388]
Event: 9.222 Thread 0x000000001656e000 3355       3       java.util.regex.Pattern$Single::<init> (11 bytes)
Event: 9.223 Thread 0x000000001656e000 nmethod 3355 0x0000000002e28c50 code [0x0000000002e28de0, 0x0000000002e29190]

GC Heap History (10 events):
Event: 3.849 GC heap before
{Heap before GC invocations=7 (full 0):
 PSYoungGen      total 39936K, used 24960K [0x00000000e0000000, 0x00000000e2e00000, 0x0000000100000000)
  eden space 32768K, 61% used [0x00000000e0000000,0x00000000e13c5d60,0x00000000e2000000)
  from space 7168K, 65% used [0x00000000e2700000,0x00000000e2b9a3b8,0x00000000e2e00000)
  to   space 7168K, 0% used [0x00000000e2000000,0x00000000e2000000,0x00000000e2700000)
 ParOldGen       total 44032K, used 8228K [0x00000000a0000000, 0x00000000a2b00000, 0x00000000e0000000)
  object space 44032K, 18% used [0x00000000a0000000,0x00000000a0809158,0x00000000a2b00000)
 Metaspace       used 20774K, capacity 21156K, committed 21296K, reserved 1067008K
  class space    used 2710K, capacity 2851K, committed 2864K, reserved 1048576K
Event: 3.864 GC heap after
Heap after GC invocations=7 (full 0):
 PSYoungGen      total 39936K, used 5268K [0x00000000e0000000, 0x00000000e4e00000, 0x0000000100000000)
  eden space 32768K, 0% used [0x00000000e0000000,0x00000000e0000000,0x00000000e2000000)
  from space 7168K, 73% used [0x00000000e2000000,0x00000000e2525240,0x00000000e2700000)
  to   space 7168K, 0% used [0x00000000e4700000,0x00000000e4700000,0x00000000e4e00000)
 ParOldGen       total 44032K, used 8628K [0x00000000a0000000, 0x00000000a2b00000, 0x00000000e0000000)
  object space 44032K, 19% used [0x00000000a0000000,0x00000000a086d198,0x00000000a2b00000)
 Metaspace       used 20774K, capacity 21156K, committed 21296K, reserved 1067008K
  class space    used 2710K, capacity 2851K, committed 2864K, reserved 1048576K
}
Event: 3.864 GC heap before
{Heap before GC invocations=8 (full 1):
 PSYoungGen      total 39936K, used 5268K [0x00000000e0000000, 0x00000000e4e00000, 0x0000000100000000)
  eden space 32768K, 0% used [0x00000000e0000000,0x00000000e0000000,0x00000000e2000000)
  from space 7168K, 73% used [0x00000000e2000000,0x00000000e2525240,0x00000000e2700000)
  to   space 7168K, 0% used [0x00000000e4700000,0x00000000e4700000,0x00000000e4e00000)
 ParOldGen       total 44032K, used 8628K [0x00000000a0000000, 0x00000000a2b00000, 0x00000000e0000000)
  object space 44032K, 19% used [0x00000000a0000000,0x00000000a086d198,0x00000000a2b00000)
 Metaspace       used 20774K, capacity 21156K, committed 21296K, reserved 1067008K
  class space    used 2710K, capacity 2851K, committed 2864K, reserved 1048576K
Event: 3.922 GC heap after
Heap after GC invocations=8 (full 1):
 PSYoungGen      total 39936K, used 0K [0x00000000e0000000, 0x00000000e4e00000, 0x0000000100000000)
  eden space 32768K, 0% used [0x00000000e0000000,0x00000000e0000000,0x00000000e2000000)
  from space 7168K, 0% used [0x00000000e2000000,0x00000000e2000000,0x00000000e2700000)
  to   space 7168K, 0% used [0x00000000e4700000,0x00000000e4700000,0x00000000e4e00000)
 ParOldGen       total 37888K, used 10057K [0x00000000a0000000, 0x00000000a2500000, 0x00000000e0000000)
  object space 37888K, 26% used [0x00000000a0000000,0x00000000a09d2590,0x00000000a2500000)
 Metaspace       used 20774K, capacity 21156K, committed 21296K, reserved 1067008K
  class space    used 2710K, capacity 2851K, committed 2864K, reserved 1048576K
}
Event: 4.808 GC heap before
{Heap before GC invocations=9 (full 1):
 PSYoungGen      total 39936K, used 32768K [0x00000000e0000000, 0x00000000e4e00000, 0x0000000100000000)
  eden space 32768K, 100% used [0x00000000e0000000,0x00000000e2000000,0x00000000e2000000)
  from space 7168K, 0% used [0x00000000e2000000,0x00000000e2000000,0x00000000e2700000)
  to   space 7168K, 0% used [0x00000000e4700000,0x00000000e4700000,0x00000000e4e00000)
 ParOldGen       total 37888K, used 10057K [0x00000000a0000000, 0x00000000a2500000, 0x00000000e0000000)
  object space 37888K, 26% used [0x00000000a0000000,0x00000000a09d2590,0x00000000a2500000)
 Metaspace       used 23417K, capacity 23892K, committed 24112K, reserved 1071104K
  class space    used 3148K, capacity 3288K, committed 3376K, reserved 1048576K
Event: 4.818 GC heap after
Heap after GC invocations=9 (full 1):
 PSYoungGen      total 55296K, used 4409K [0x00000000e0000000, 0x00000000e4b80000, 0x0000000100000000)
  eden space 50688K, 0% used [0x00000000e0000000,0x00000000e0000000,0x00000000e3180000)
  from space 4608K, 95% used [0x00000000e4700000,0x00000000e4b4e5d8,0x00000000e4b80000)
  to   space 7168K, 0% used [0x00000000e3d80000,0x00000000e3d80000,0x00000000e4480000)
 ParOldGen       total 37888K, used 10065K [0x00000000a0000000, 0x00000000a2500000, 0x00000000e0000000)
  object space 37888K, 26% used [0x00000000a0000000,0x00000000a09d4590,0x00000000a2500000)
 Metaspace       used 23417K, capacity 23892K, committed 24112K, reserved 1071104K
  class space    used 3148K, capacity 3288K, committed 3376K, reserved 1048576K
}
Event: 5.942 GC heap before
{Heap before GC invocations=10 (full 1):
 PSYoungGen      total 55296K, used 55097K [0x00000000e0000000, 0x00000000e4b80000, 0x0000000100000000)
  eden space 50688K, 100% used [0x00000000e0000000,0x00000000e3180000,0x00000000e3180000)
  from space 4608K, 95% used [0x00000000e4700000,0x00000000e4b4e5d8,0x00000000e4b80000)
  to   space 7168K, 0% used [0x00000000e3d80000,0x00000000e3d80000,0x00000000e4480000)
 ParOldGen       total 37888K, used 10065K [0x00000000a0000000, 0x00000000a2500000, 0x00000000e0000000)
  object space 37888K, 26% used [0x00000000a0000000,0x00000000a09d4590,0x00000000a2500000)
 Metaspace       used 27527K, capacity 27994K, committed 28336K, reserved 1073152K
  class space    used 3774K, capacity 3929K, committed 4016K, reserved 1048576K
Event: 5.955 GC heap after
Heap after GC invocations=10 (full 1):
 PSYoungGen      total 70144K, used 6679K [0x00000000e0000000, 0x00000000e5000000, 0x0000000100000000)
  eden space 62976K, 0% used [0x00000000e0000000,0x00000000e0000000,0x00000000e3d80000)
  from space 7168K, 93% used [0x00000000e3d80000,0x00000000e4405e78,0x00000000e4480000)
  to   space 7680K, 0% used [0x00000000e4880000,0x00000000e4880000,0x00000000e5000000)
 ParOldGen       total 37888K, used 10145K [0x00000000a0000000, 0x00000000a2500000, 0x00000000e0000000)
  object space 37888K, 26% used [0x00000000a0000000,0x00000000a09e85b8,0x00000000a2500000)
 Metaspace       used 27527K, capacity 27994K, committed 28336K, reserved 1073152K
  class space    used 3774K, capacity 3929K, committed 4016K, reserved 1048576K
}
Event: 7.821 GC heap before
{Heap before GC invocations=11 (full 1):
 PSYoungGen      total 70144K, used 69655K [0x00000000e0000000, 0x00000000e5000000, 0x0000000100000000)
  eden space 62976K, 100% used [0x00000000e0000000,0x00000000e3d80000,0x00000000e3d80000)
  from space 7168K, 93% used [0x00000000e3d80000,0x00000000e4405e78,0x00000000e4480000)
  to   space 7680K, 0% used [0x00000000e4880000,0x00000000e4880000,0x00000000e5000000)
 ParOldGen       total 37888K, used 10145K [0x00000000a0000000, 0x00000000a2500000, 0x00000000e0000000)
  object space 37888K, 26% used [0x00000000a0000000,0x00000000a09e85b8,0x00000000a2500000)
 Metaspace       used 27956K, capacity 28402K, committed 28848K, reserved 1075200K
  class space    used 3785K, capacity 3933K, committed 4016K, reserved 1048576K
Event: 7.833 GC heap after
Heap after GC invocations=11 (full 1):
 PSYoungGen      total 70656K, used 4288K [0x00000000e0000000, 0x00000000e5000000, 0x0000000100000000)
  eden space 62976K, 0% used [0x00000000e0000000,0x00000000e0000000,0x00000000e3d80000)
  from space 7680K, 55% used [0x00000000e4880000,0x00000000e4cb0010,0x00000000e5000000)
  to   space 7168K, 0% used [0x00000000e3d80000,0x00000000e3d80000,0x00000000e4480000)
 ParOldGen       total 37888K, used 10153K [0x00000000a0000000, 0x00000000a2500000, 0x00000000e0000000)
  object space 37888K, 26% used [0x00000000a0000000,0x00000000a09ea5b8,0x00000000a2500000)
 Metaspace       used 27956K, capacity 28402K, committed 28848K, reserved 1075200K
  class space    used 3785K, capacity 3933K, committed 4016K, reserved 1048576K
}

Deoptimization events (10 events):
Event: 8.584 Thread 0x00000000191cf800 Uncommon trap: reason=unstable_if action=reinterpret pc=0x000000000372437c method=com.esotericsoftware.kryo.io.Output.writeString(Ljava/lang/CharSequence;)V @ 1
Event: 8.742 Thread 0x00000000191ce800 Uncommon trap: reason=bimorphic action=maybe_recompile pc=0x0000000003435c28 method=java.lang.ClassLoader.getPackage(Ljava/lang/String;)Ljava/lang/Package; @ 47
Event: 8.745 Thread 0x00000000191ce800 Uncommon trap: reason=bimorphic action=maybe_recompile pc=0x0000000003435c28 method=java.lang.ClassLoader.getPackage(Ljava/lang/String;)Ljava/lang/Package; @ 47
Event: 8.747 Thread 0x00000000191ce800 Uncommon trap: reason=bimorphic action=maybe_recompile pc=0x0000000003435c28 method=java.lang.ClassLoader.getPackage(Ljava/lang/String;)Ljava/lang/Package; @ 47
Event: 8.749 Thread 0x00000000191ce800 Uncommon trap: reason=bimorphic action=maybe_recompile pc=0x0000000003435c28 method=java.lang.ClassLoader.getPackage(Ljava/lang/String;)Ljava/lang/Package; @ 47
Event: 8.754 Thread 0x00000000191ce800 Uncommon trap: reason=bimorphic action=maybe_recompile pc=0x00000000034c1150 method=java.lang.ClassLoader.getPackage(Ljava/lang/String;)Ljava/lang/Package; @ 47
Event: 8.972 Thread 0x00000000191ce800 Uncommon trap: reason=class_check action=maybe_recompile pc=0x0000000003758e28 method=java.security.MessageDigest$Delegate.engineUpdate([BII)V @ 7
Event: 8.981 Thread 0x00000000191ce800 Uncommon trap: reason=unstable_if action=reinterpret pc=0x0000000003603040 method=java.util.Hashtable.containsKey(Ljava/lang/Object;)Z @ 36
Event: 9.086 Thread 0x00000000191ce800 Uncommon trap: reason=class_check action=maybe_recompile pc=0x0000000003758e28 method=java.security.MessageDigest$Delegate.engineUpdate([BII)V @ 7
Event: 9.086 Thread 0x00000000191ce800 Uncommon trap: reason=class_check action=maybe_recompile pc=0x0000000003758e28 method=java.security.MessageDigest$Delegate.engineUpdate([BII)V @ 7

Internal exceptions (10 events):
Event: 8.499 Thread 0x00000000191ce800 Exception <a 'java/lang/ClassNotFoundException': org/gradle/api/internal/ConventionTaskCustomizer> (0x00000000e0caac70) thrown at [C:\src\android\AOSP-openjdk\external\jetbrains\jdk\hotspot\src\share\vm\classfile\systemDictionary.cpp, line 210]
Event: 8.502 Thread 0x00000000191ce800 Exception <a 'java/lang/ClassNotFoundException': org/gradle/api/tasks/DeleteCustomizer> (0x00000000e0cda918) thrown at [C:\src\android\AOSP-openjdk\external\jetbrains\jdk\hotspot\src\share\vm\classfile\systemDictionary.cpp, line 210]
Event: 8.504 Thread 0x00000000191ce800 Exception <a 'java/lang/ClassNotFoundException': org/gradle/api/tasks/Delete_DecoratedCustomizer> (0x00000000e0d13a88) thrown at [C:\src\android\AOSP-openjdk\external\jetbrains\jdk\hotspot\src\share\vm\classfile\systemDictionary.cpp, line 210]
Event: 8.584 Thread 0x00000000191cf800 Implicit null exception at 0x00000000037240b0 to 0x0000000003724369
Event: 8.705 Thread 0x00000000191ce800 Exception <a 'java/lang/ClassNotFoundException': build_c1pem1ht3v961au6dqfxxp749BeanInfo> (0x00000000e0e7dc40) thrown at [C:\src\android\AOSP-openjdk\external\jetbrains\jdk\hotspot\src\share\vm\classfile\systemDictionary.cpp, line 210]
Event: 8.707 Thread 0x00000000191ce800 Exception <a 'java/lang/ClassNotFoundException': build_c1pem1ht3v961au6dqfxxp749Customizer> (0x00000000e0e8cf68) thrown at [C:\src\android\AOSP-openjdk\external\jetbrains\jdk\hotspot\src\share\vm\classfile\systemDictionary.cpp, line 210]
Event: 8.730 Thread 0x00000000191ce800 Exception <a 'java/lang/ClassNotFoundException': org/gradle/api/internal/plugins/DefaultObjectConfigurationActionBeanInfo> (0x00000000e0ee1cb8) thrown at [C:\src\android\AOSP-openjdk\external\jetbrains\jdk\hotspot\src\share\vm\classfile\systemDictionary.cp§ËpðÃv!@
Event: 8.732 Thread 0x00000000191ce800 Exception <a 'java/lang/ClassNotFoundException': org/gradle/api/internal/plugins/DefaultObjectConfigurationActionCustomizer> (0x00000000e0f0e660) thrown at [C:\src\android\AOSP-openjdk\external\jetbrains\jdk\hotspot\src\share\vm\classfile\systemDictionary.Ä èpy!@
Event: 8.736 Thread 0x00000000191ce800 Exception <a 'java/lang/ClassNotFoundException': org/gradle/api/plugins/ObjectConfigurationActionBeanInfo> (0x00000000e0f52ea0) thrown at [C:\src\android\AOSP-openjdk\external\jetbrains\jdk\hotspot\src\share\vm\classfile\systemDictionary.cpp, line 210]
Event: 8.737 Thread 0x00000000191ce800 Exception <a 'java/lang/ClassNotFoundException': org/gradle/api/plugins/ObjectConfigurationActionCustomizer> (0x00000000e0f78850) thrown at [C:\src\android\AOSP-openjdk\external\jetbrains\jdk\hotspot\src\share\vm\classfile\systemDictionary.cpp, line 210]

Events (10 events):
Event: 9.251 loading class org/gradle/platform/base/internal/toolchain/ToolProvider
Event: 9.251 loading class org/gradle/platform/base/internal/toolchain/ToolProvider done
Event: 9.251 loading class org/gradle/api/plugins/BasePlugin
Event: 9.251 loading class org/gradle/api/plugins/BasePlugin done
Event: 9.256 loading class org/gradle/language/base/plugins/LifecycleBasePlugin
Event: 9.256 loading class org/gradle/language/base/plugins/LifecycleBasePlugin done
Event: 9.258 loading class org/gradle/language/base/plugins/LifecycleBasePlugin$1
Event: 9.258 loading class org/gradle/language/base/plugins/LifecycleBasePlugin$1 done
Event: 9.258 loading class org/gradle/language/base/plugins/LifecycleBasePlugin$5
Event: 9.258 loading class org/gradle/language/base/plugins/LifecycleBasePlugin$5 done


Dynamic libraries:
0x00007ff7cfb70000 - 0x00007ff7cfba1000 	C:\Program Files\Android\Android Studio\jre\bin\java.exe
0x00007ffb7b8a0000 - 0x00007ffb7ba4c000 	C:\Windows\SYSTEM32\ntdll.dll
0x00007ffb7b5e0000 - 0x00007ffb7b71e000 	C:\Windows\system32\KERNEL32.DLL
0x00007ffb78ad0000 - 0x00007ffb78be5000 	C:\Windows\system32\KERNELBASE.dll
0x00007ffb7b2f0000 - 0x00007ffb7b39a000 	C:\Windows\system32\ADVAPI32.dll
0x00007ffb79760000 - 0x00007ffb798d7000 	C:\Windows\system32\USER32.dll
0x00007ffb76ad0000 - 0x00007ffb76d4a000 	C:\Windows\WinSxS\amd64_microsoft.windows.common-controls_6595b64144ccf1df_6.0.9600.17810_none_6240b9c7ecbd0bda\COMCTL32.dll
0x00007ffb7b7f0000 - 0x00007ffb7b89a000 	C:\Windows\system32\msvcrt.dll
0x00007ffb79120000 - 0x00007ffb79179000 	C:\Windows\SYSTEM32\sechost.dll
0x00007ffb794e0000 - 0x00007ffb79621000 	C:\Windows\system32\RPCRT4.dll
0x00007ffb79390000 - 0x00007ffb794e0000 	C:\Windows\system32\GDI32.dll
0x00007ffb7b3c0000 - 0x00007ffb7b3f6000 	C:\Windows\system32\IMM32.DLL
0x00007ffb78f40000 - 0x00007ffb79092000 	C:\Windows\system32\MSCTF.dll
0x00000000571b0000 - 0x0000000057282000 	C:\Program Files\Android\Android Studio\jre\jre\bin\msvcr100.dll
0x0000000057800000 - 0x0000000058034000 	C:\Program Files\Android\Android Studio\jre\jre\bin\server\jvm.dll
0x00007ffb70db0000 - 0x00007ffb70db9000 	C:\Windows\SYSTEM32\WSOCK32.dll
0x00007ffb75b30000 - 0x00007ffb75b52000 	C:\Windows\SYSTEM32\WINMM.dll
0x00007ffb75b60000 - 0x00007ffb75b6a000 	C:\Windows\SYSTEM32\VERSION.dll
0x00007ffb79180000 - 0x00007ffb79187000 	C:\Windows\system32\PSAPI.DLL
0x00007ffb798e0000 - 0x00007ffb7993a000 	C:\Windows\system32\WS2_32.dll
0x00007ffb75840000 - 0x00007ffb7586a000 	C:\Windows\SYSTEM32\WINMMBASE.dll
0x00007ffb79630000 - 0x00007ffb79639000 	C:\Windows\system32\NSI.dll
0x00007ffb78ee0000 - 0x00007ffb78f2f000 	C:\Windows\SYSTEM32\cfgmgr32.dll
0x00007ffb77800000 - 0x00007ffb77828000 	C:\Windows\SYSTEM32\DEVOBJ.dll
0x00007ffb6d7e0000 - 0x00007ffb6d7ef000 	C:\Program Files\Android\Android Studio\jre\jre\bin\verify.dll
0x00007ffb691f0000 - 0x00007ffb69219000 	C:\Program Files\Android\Android Studio\jre\jre\bin\java.dll
0x00007ffb6a090000 - 0x00007ffb6a0a6000 	C:\Program Files\Android\Android Studio\jre\jre\bin\zip.dll
0x00007ffb79940000 - 0x00007ffb7ae59000 	C:\Windows\system32\SHELL32.dll
0x00007ffb7ae60000 - 0x00007ffb7b071000 	C:\Windows\SYSTEM32\combase.dll
0x00007ffb79700000 - 0x00007ffb79754000 	C:\Windows\system32\SHLWAPI.dll
0x00007ffb76fb0000 - 0x00007ffb77062000 	C:\Windows\SYSTEM32\SHCORE.dll
0x00007ffb78a00000 - 0x00007ffb78a15000 	C:\Windows\SYSTEM32\profapi.dll
0x00007ffb67fb0000 - 0x00007ffb67fca000 	C:\Program Files\Android\Android Studio\jre\jre\bin\net.dll
0x00007ffb78210000 - 0x00007ffb78269000 	C:\Windows\system32\mswsock.dll
0x00007ffb5f910000 - 0x00007ffb5f921000 	C:\Program Files\Android\Android Studio\jre\jre\bin\nio.dll
0x00007ffb6ec80000 - 0x00007ffb6ec92000 	C:\Users\santo_000\.gradle\native\19\windows-amd64\native-platform.dll
0x00007ffb78270000 - 0x00007ffb78290000 	C:\Windows\SYSTEM32\CRYPTSP.dll
0x00007ffb77e90000 - 0x00007ffb77ec6000 	C:\Windows\system32\rsaenh.dll
0x00007ffb784c0000 - 0x00007ffb784e6000 	C:\Windows\SYSTEM32\bcrypt.dll
0x00007ffb77fa0000 - 0x00007ffb77fc1000 	C:\Windows\SYSTEM32\USERENV.dll
0x00007ffb78860000 - 0x00007ffb788c3000 	C:\Windows\system32\bcryptprimitives.dll
0x00007ffb788d0000 - 0x00007ffb788db000 	C:\Windows\SYSTEM32\CRYPTBASE.dll
0x00007ffb75350000 - 0x00007ffb7537a000 	C:\Windows\SYSTEM32\IPHLPAPI.DLL
0x00007ffb75340000 - 0x00007ffb7534a000 	C:\Windows\SYSTEM32\WINNSI.DLL
0x00007ffb72520000 - 0x00007ffb72536000 	C:\Windows\SYSTEM32\dhcpcsvc6.DLL
0x00007ffb72680000 - 0x00007ffb7269a000 	C:\Windows\SYSTEM32\dhcpcsvc.DLL
0x00007ffb6db30000 - 0x00007ffb6db3d000 	C:\Program Files\Android\Android Studio\jre\jre\bin\management.dll

VM Arguments:
jvm_args: -Xmx1536m -Dfile.encoding=windows-1252 -Duser.country=CL -Duser.language=es -Duser.variant 
java_command: org.gradle.launcher.daemon.bootstrap.GradleDaemon 2.14.1
java_class_path (initial): C:\Program Files\Android\Android Studio\gradle\gradle-2.14.1\lib\gradle-launcher-2.14.1.jar
Launcher Type: SUN_STANDARD

Environment Variables:
PATH=C:\ProgramData\Oracle\Java\javapath;C:\Program Files (x86)\NVIDIA Corporation\PhysX\Common;C:\Program Files (x86)\Intel\iCLS Client\;C:\Program Files\Intel\iCLS Client\;C:\Windows\system32;C:\Windows;C:\Windows\System32\Wbem;C:\Windows\System32\WindowsPowerShell\v1.0\;C:\Program Files\Hewlett-Packard\SimplePass\;C:\Program Files (x86)\Windows Live\Shared;C:\Program Files\Intel\Intel(R) Management Engine Components\DAL;C:\Program Files\Intel\Intel(R) Management Engine Components\IPT;C:\Program Files (x86)\Intel\Intel(R) Management Engine Components\DAL;C:\Program Files (x86)\Intel\Intel(R) Management Engine Components\IPT
USERNAME=santo_000
OS=Windows_NT
PROCESSOR_IDENTIFIER=Intel64 Family 6 Model 58 Stepping 9, GenuineIntel



---------------  S Y S T E M  ---------------

OS: Windows 8.1 , 64 bit Build 9600 (6.3.9600.17415)

CPU:total 4 (2 cores per cpu, 2 threads per core) family 6 model 58 stepping 9, cmov, cx8, fxsr, mmx, sse, sse2, sse3, ssse3, sse4.1, sse4.2, popcnt, avx, clmul, erms, ht, tsc, tscinvbit, tscinv

Memory: 4k page, physical 4083992k(731288k free), swap 4083992k(3924k free)

vm_info: OpenJDK 64-Bit Server VM (25.76-b03) for windows-amd64 JRE (1.8.0_76-release-b03), built on Jun 29 2016 19:09:20 by "ralucas" with MS VC++ 10.0 (VS2010)

time: Fri Oct 14 02:50:11 2016
elapsed time: 9 seconds (0d 0h 0m 9s)

