#
# There is insufficient memory for the Java Runtime Environment to continue.
# Native memory allocation (malloc) failed to allocate 1193488 bytes for Chunk::new
# Possible reasons:
#   The system is out of physical RAM or swap space
#   In 32 bit mode, the process size limit was hit
# Possible solutions:
#   Reduce memory load on the system
#   Increase physical memory or swap space
#   Check if swap backing store is full
#   Use 64 bit Java on a 64 bit OS
#   Decrease Java heap size (-Xmx/-Xms)
#   Decrease number of Java threads
#   Decrease Java thread stack sizes (-Xss)
#   Set larger code cache with -XX:ReservedCodeCacheSize=
# This output file may be truncated or incomplete.
#
#  Out of Memory Error (allocation.cpp:390), pid=2488, tid=0x0000000000000e34
#
# JRE version: OpenJDK Runtime Environment (8.0_76-b03) (build 1.8.0_76-release-b03)
# Java VM: OpenJDK 64-Bit Server VM (25.76-b03 mixed mode windows-amd64 compressed oops)
# Failed to write core dump. Minidumps are not enabled by default on client versions of Windows
#

---------------  T H R E A D  ---------------

Current thread (0x0000000016677800):  JavaThread "C2 CompilerThread0" daemon [_thread_in_native, id=3636, stack(0x0000000017cc0000,0x0000000017dc0000)]

Stack: [0x0000000017cc0000,0x0000000017dc0000]
[error occurred during error reporting (printing stack bounds), id 0xc0000005]

Native frames: (J=compiled Java code, j=interpreted, Vv=VM code, C=native code)


Current CompileTask:
C2:   9019 3243       4       groovy.lang.MetaClassImpl$1MOPIter::methodNameAction (479 bytes)


---------------  P R O C E S S  ---------------

Java Threads: ( => current thread )
  0x000000001c9fb800 JavaThread "File lock request listener" [_thread_in_native, id=6944, stack(0x0000000020130000,0x0000000020230000)]
  0x0000000019342800 JavaThread "Stdin handler" [_thread_blocked, id=4100, stack(0x000000001ae10000,0x000000001af10000)]
  0x0000000019341800 JavaThread "Asynchronous log dispatcher for org.gradle.launcher.daemon.server.DefaultDaemonConnection@2f50f449" [_thread_blocked, id=5772, stack(0x000000001ad10000,0x000000001ae10000)]
  0x0000000019336800 JavaThread "Daemon worker" [_thread_in_vm, id=2020, stack(0x000000001ac10000,0x000000001ad10000)]
  0x0000000019355000 JavaThread "Cancel handler" [_thread_blocked, id=3892, stack(0x000000001ab10000,0x000000001ac10000)]
  0x0000000019294800 JavaThread "Handler for socket connection from /127.0.0.1:59750 to /127.0.0.1:59751" [_thread_in_native, id=5268, stack(0x000000001aa10000,0x000000001ab10000)]
  0x00000000191ad800 JavaThread "Daemon" [_thread_blocked, id=5248, stack(0x000000001a910000,0x000000001aa10000)]
  0x0000000019424800 JavaThread "pool-1-thread-1" [_thread_blocked, id=4072, stack(0x000000001a810000,0x000000001a910000)]
  0x0000000019404000 JavaThread "Incoming local TCP Connector on port 59750" [_thread_in_native, id=3772, stack(0x000000001a130000,0x000000001a230000)]
  0x0000000017fe5800 JavaThread "Service Thread" daemon [_thread_blocked, id=4820, stack(0x00000000183c0000,0x00000000184c0000)]
  0x00000000166a1000 JavaThread "C1 CompilerThread2" daemon [_thread_blocked, id=6284, stack(0x0000000017ec0000,0x0000000017fc0000)]
  0x0000000016667000 JavaThread "C2 CompilerThread1" daemon [_thread_in_native, id=1084, stack(0x0000000017dc0000,0x0000000017ec0000)]
=>0x0000000016677800 JavaThread "C2 CompilerThread0" daemon [_thread_in_native, id=3636, stack(0x0000000017cc0000,0x0000000017dc0000)]
  0x0000000016676000 JavaThread "Attach Listener" daemon [_thread_blocked, id=6384, stack(0x0000000017bc0000,0x0000000017cc0000)]
  0x0000000016675000 JavaThread "Signal Dispatcher" daemon [_thread_blocked, id=6072, stack(0x0000000017ac0000,0x0000000017bc0000)]
  0x0000000002cfb000 JavaThread "Finalizer" daemon [_thread_blocked, id=4244, stack(0x00000000178c0000,0x00000000179c0000)]
  0x0000000002cef000 JavaThread "Reference Handler" daemon [_thread_blocked, id=5200, stack(0x00000000177c0000,0x00000000178c0000)]
  0x0000000002c00800 JavaThread "main" [_thread_blocked, id=6192, stack(0x0000000002b00000,0x0000000002c00000)]

Other Threads:
  0x0000000016635800 VMThread [stack: 0x00000000176c0000,0x00000000177c0000] [id=5564]
  0x0000000017fee800 WatcherThread [stack: 0x00000000184c0000,0x00000000185c0000] [id=2000]

VM state:not at safepoint (normal execution)

VM Mutex/Monitor currently owned by a thread: None

Heap:
 PSYoungGen      total 71680K, used 31868K [0x00000000e0000000, 0x00000000e4e80000, 0x0000000100000000)
  eden space 64000K, 42% used [0x00000000e0000000,0x00000000e1adf020,0x00000000e3e80000)
  from space 7680K, 56% used [0x00000000e4700000,0x00000000e4b40020,0x00000000e4e80000)
  to   space 6656K, 0% used [0x00000000e3e80000,0x00000000e3e80000,0x00000000e4500000)
 ParOldGen       total 36352K, used 8120K [0x00000000a0000000, 0x00000000a2380000, 0x00000000e0000000)
  object space 36352K, 22% used [0x00000000a0000000,0x00000000a07ee328,0x00000000a2380000)
 Metaspace       used 30061K, capacity 30536K, committed 30848K, reserved 1075200K
  class space    used 4059K, capacity 4217K, committed 4224K, reserved 1048576K

Card table byte_map: [0x00000000120c0000,0x00000000123d0000] byte_map_base: 0x0000000011bc0000

Marking Bits: (ParMarkBitMap*) 0x0000000057fb9d00
 Begin Bits: [0x00000000129d0000, 0x00000000141d0000)
 End Bits:   [0x00000000141d0000, 0x00000000159d0000)

Polling page: 0x0000000001290000

CodeCache: size=245760Kb used=11662Kb max_used=12214Kb free=234097Kb
 bounds [0x0000000002d00000, 0x0000000003900000, 0x0000000011d00000]
 total_blobs=3794 nmethods=3152 adapters=555
 compilation: enabled

Compilation events (10 events):
Event: 8.959 Thread 0x00000000166a1000 nmethod 3348 0x0000000002e17750 code [0x0000000002e178c0, 0x0000000002e17aa8]
Event: 8.962 Thread 0x00000000166a1000 3349       3       com.google.common.collect.MapMakerInternalMap$Segment::getLiveEntry (42 bytes)
Event: 8.963 Thread 0x00000000166a1000 nmethod 3349 0x0000000003009550 code [0x0000000003009780, 0x000000000300a7c8]
Event: 8.966 Thread 0x00000000166a1000 3350       3       com.google.common.collect.MapMakerInternalMap$Segment::drainValueReferenceQueue (43 bytes)
Event: 8.967 Thread 0x00000000166a1000 nmethod 3350 0x0000000002fea7d0 code [0x0000000002fea9c0, 0x0000000002feb478]
Event: 8.987 Thread 0x00000000166a1000 3351       1       com.google.common.collect.MapMakerInternalMap$StrongEntry::getValueReference (5 bytes)
Event: 8.987 Thread 0x00000000166a1000 nmethod 3351 0x0000000002e33110 code [0x0000000002e33260, 0x0000000002e33370]
Event: 9.003 Thread 0x00000000166a1000 3352       3       org.gradle.internal.classloader.FilteringClassLoader::classAllowed (116 bytes)
Event: 9.004 Thread 0x00000000166a1000 nmethod 3352 0x00000000030800d0 code [0x0000000003080320, 0x0000000003081238]
Event: 9.016 Thread 0x00000000166a1000 3354   !   3       java.lang.Class::getSimpleBinaryName (38 bytes)

GC Heap History (10 events):
Event: 3.852 GC heap before
{Heap before GC invocations=7 (full 0):
 PSYoungGen      total 39936K, used 24278K [0x00000000e0000000, 0x00000000e2e00000, 0x0000000100000000)
  eden space 32768K, 59% used [0x00000000e0000000,0x00000000e13218a8,0x00000000e2000000)
  from space 7168K, 65% used [0x00000000e2700000,0x00000000e2b94010,0x00000000e2e00000)
  to   space 7168K, 0% used [0x00000000e2000000,0x00000000e2000000,0x00000000e2700000)
 ParOldGen       total 44032K, used 8237K [0x00000000a0000000, 0x00000000a2b00000, 0x00000000e0000000)
  object space 44032K, 18% used [0x00000000a0000000,0x00000000a080b640,0x00000000a2b00000)
 Metaspace       used 20707K, capacity 21096K, committed 21296K, reserved 1067008K
  class space    used 2695K, capacity 2825K, committed 2944K, reserved 1048576K
Event: 3.865 GC heap after
Heap after GC invocations=7 (full 0):
 PSYoungGen      total 39936K, used 4946K [0x00000000e0000000, 0x00000000e4e00000, 0x0000000100000000)
  eden space 32768K, 0% used [0x00000000e0000000,0x00000000e0000000,0x00000000e2000000)
  from space 7168K, 69% used [0x00000000e2000000,0x00000000e24d4be0,0x00000000e2700000)
  to   space 7168K, 0% used [0x00000000e4700000,0x00000000e4700000,0x00000000e4e00000)
 ParOldGen       total 44032K, used 8725K [0x00000000a0000000, 0x00000000a2b00000, 0x00000000e0000000)
  object space 44032K, 19% used [0x00000000a0000000,0x00000000a0885680,0x00000000a2b00000)
 Metaspace       used 20707K, capacity 21096K, committed 21296K, reserved 1067008K
  class space    used 2695K, capacity 2825K, committed 2944K, reserved 1048576K
}
Event: 3.865 GC heap before
{Heap before GC invocations=8 (full 1):
 PSYoungGen      total 39936K, used 4946K [0x00000000e0000000, 0x00000000e4e00000, 0x0000000100000000)
  eden space 32768K, 0% used [0x00000000e0000000,0x00000000e0000000,0x00000000e2000000)
  from space 7168K, 69% used [0x00000000e2000000,0x00000000e24d4be0,0x00000000e2700000)
  to   space 7168K, 0% used [0x00000000e4700000,0x00000000e4700000,0x00000000e4e00000)
 ParOldGen       total 44032K, used 8725K [0x00000000a0000000, 0x00000000a2b00000, 0x00000000e0000000)
  object space 44032K, 19% used [0x00000000a0000000,0x00000000a0885680,0x00000000a2b00000)
 Metaspace       used 20707K, capacity 21096K, committed 21296K, reserved 1067008K
  class space    used 2695K, capacity 2825K, committed 2944K, reserved 1048576K
Event: 3.927 GC heap after
Heap after GC invocations=8 (full 1):
 PSYoungGen      total 39936K, used 0K [0x00000000e0000000, 0x00000000e4e00000, 0x0000000100000000)
  eden space 32768K, 0% used [0x00000000e0000000,0x00000000e0000000,0x00000000e2000000)
  from space 7168K, 0% used [0x00000000e2000000,0x00000000e2000000,0x00000000e2700000)
  to   space 7168K, 0% used [0x00000000e4700000,0x00000000e4700000,0x00000000e4e00000)
 ParOldGen       total 36352K, used 8104K [0x00000000a0000000, 0x00000000a2380000, 0x00000000e0000000)
  object space 36352K, 22% used [0x00000000a0000000,0x00000000a07ea328,0x00000000a2380000)
 Metaspace       used 20707K, capacity 21096K, committed 21296K, reserved 1067008K
  class space    used 2695K, capacity 2825K, committed 2944K, reserved 1048576K
}
Event: 4.919 GC heap before
{Heap before GC invocations=9 (full 1):
 PSYoungGen      total 39936K, used 32768K [0x00000000e0000000, 0x00000000e4e00000, 0x0000000100000000)
  eden space 32768K, 100% used [0x00000000e0000000,0x00000000e2000000,0x00000000e2000000)
  from space 7168K, 0% used [0x00000000e2000000,0x00000000e2000000,0x00000000e2700000)
  to   space 7168K, 0% used [0x00000000e4700000,0x00000000e4700000,0x00000000e4e00000)
 ParOldGen       total 36352K, used 8104K [0x00000000a0000000, 0x00000000a2380000, 0x00000000e0000000)
  object space 36352K, 22% used [0x00000000a0000000,0x00000000a07ea328,0x00000000a2380000)
 Metaspace       used 23364K, capacity 23912K, committed 24064K, reserved 1071104K
  class space    used 3139K, capacity 3291K, committed 3328K, reserved 1048576K
Event: 4.931 GC heap after
Heap after GC invocations=9 (full 1):
 PSYoungGen      total 54272K, used 4357K [0x00000000e0000000, 0x00000000e4b80000, 0x0000000100000000)
  eden space 49664K, 0% used [0x00000000e0000000,0x00000000e0000000,0x00000000e3080000)
  from space 4608K, 94% used [0x00000000e4700000,0x00000000e4b41718,0x00000000e4b80000)
  to   space 6656K, 0% used [0x00000000e3e80000,0x00000000e3e80000,0x00000000e4500000)
 ParOldGen       total 36352K, used 8112K [0x00000000a0000000, 0x00000000a2380000, 0x00000000e0000000)
  object space 36352K, 22% used [0x00000000a0000000,0x00000000a07ec328,0x00000000a2380000)
 Metaspace       used 23364K, capacity 23912K, committed 24064K, reserved 1071104K
  class space    used 3139K, capacity 3291K, committed 3328K, reserved 1048576K
}
Event: 5.990 GC heap before
{Heap before GC invocations=10 (full 1):
 PSYoungGen      total 54272K, used 54021K [0x00000000e0000000, 0x00000000e4b80000, 0x0000000100000000)
  eden space 49664K, 100% used [0x00000000e0000000,0x00000000e3080000,0x00000000e3080000)
  from space 4608K, 94% used [0x00000000e4700000,0x00000000e4b41718,0x00000000e4b80000)
  to   space 6656K, 0% used [0x00000000e3e80000,0x00000000e3e80000,0x00000000e4500000)
 ParOldGen       total 36352K, used 8112K [0x00000000a0000000, 0x00000000a2380000, 0x00000000e0000000)
  object space 36352K, 22% used [0x00000000a0000000,0x00000000a07ec328,0x00000000a2380000)
 Metaspace       used 27478K, capacity 27966K, committed 28288K, reserved 1073152K
  class space    used 3779K, capacity 3935K, committed 3968K, reserved 1048576K
Event: 6.005 GC heap after
Heap after GC invocations=10 (full 1):
 PSYoungGen      total 70656K, used 6637K [0x00000000e0000000, 0x00000000e4e80000, 0x0000000100000000)
  eden space 64000K, 0% used [0x00000000e0000000,0x00000000e0000000,0x00000000e3e80000)
  from space 6656K, 99% used [0x00000000e3e80000,0x00000000e44fb560,0x00000000e4500000)
  to   space 7680K, 0% used [0x00000000e4700000,0x00000000e4700000,0x00000000e4e80000)
 ParOldGen       total 36352K, used 8112K [0x00000000a0000000, 0x00000000a2380000, 0x00000000e0000000)
  object space 36352K, 22% used [0x00000000a0000000,0x00000000a07ec328,0x00000000a2380000)
 Metaspace       used 27478K, capacity 27966K, committed 28288K, reserved 1073152K
  class space    used 3779K, capacity 3935K, committed 3968K, reserved 1048576K
}
Event: 8.018 GC heap before
{Heap before GC invocations=11 (full 1):
 PSYoungGen      total 70656K, used 70637K [0x00000000e0000000, 0x00000000e4e80000, 0x0000000100000000)
  eden space 64000K, 100% used [0x00000000e0000000,0x00000000e3e80000,0x00000000e3e80000)
  from space 6656K, 99% used [0x00000000e3e80000,0x00000000e44fb560,0x00000000e4500000)
  to   space 7680K, 0% used [0x00000000e4700000,0x00000000e4700000,0x00000000e4e80000)
 ParOldGen       total 36352K, used 8112K [0x00000000a0000000, 0x00000000a2380000, 0x00000000e0000000)
  object space 36352K, 22% used [0x00000000a0000000,0x00000000a07ec328,0x00000000a2380000)
 Metaspace       used 27984K, capacity 28438K, committed 28800K, reserved 1075200K
  class space    used 3791K, capacity 3939K, committed 3968K, reserved 1048576K
Event: 8.030 GC heap after
Heap after GC invocations=11 (full 1):
 PSYoungGen      total 71680K, used 4352K [0x00000000e0000000, 0x00000000e4e80000, 0x0000000100000000)
  eden space 64000K, 0% used [0x00000000e0000000,0x00000000e0000000,0x00000000e3e80000)
  from space 7680K, 56% used [0x00000000e4700000,0x00000000e4b40020,0x00000000e4e80000)
  to   space 6656K, 0% used [0x00000000e3e80000,0x00000000e3e80000,0x00000000e4500000)
 ParOldGen       total 36352K, used 8120K [0x00000000a0000000, 0x00000000a2380000, 0x00000000e0000000)
  object space 36352K, 22% used [0x00000000a0000000,0x00000000a07ee328,0x00000000a2380000)
 Metaspace       used 27984K, capacity 28438K, committed 28800K, reserved 1075200K
  class space    used 3791K, capacity 3939K, committed 3968K, reserved 1048576K
}

Deoptimization events (10 events):
Event: 6.982 Thread 0x0000000019336800 Uncommon trap: reason=unstable_if action=reinterpret pc=0x00000000035cf8c4 method=org.apache.xerces.impl.XMLEntityScanner.skipSpaces()Z @ 70
Event: 7.068 Thread 0x0000000019336800 Uncommon trap: reason=unstable_if action=reinterpret pc=0x00000000035c87a8 method=org.apache.xerces.impl.XMLEntityScanner.peekChar()I @ 53
Event: 7.366 Thread 0x0000000019336800 Uncommon trap: reason=unstable_if action=reinterpret pc=0x000000000359e280 method=org.apache.xerces.impl.io.UTF8Reader.read([CII)I @ 123
Event: 7.382 Thread 0x0000000019336800 Uncommon trap: reason=unstable_if action=reinterpret pc=0x00000000036f13e4 method=org.apache.xerces.impl.XMLEntityScanner.scanData(Ljava/lang/String;Lorg/apache/xerces/util/XMLStringBuffer;)Z @ 673
Event: 8.668 Thread 0x0000000019341800 Uncommon trap: reason=unstable_if action=reinterpret pc=0x000000000386a73c method=com.esotericsoftware.kryo.io.Output.writeString(Ljava/lang/CharSequence;)V @ 1
Event: 8.789 Thread 0x0000000019336800 Uncommon trap: reason=bimorphic action=maybe_recompile pc=0x00000000035dce08 method=java.lang.ClassLoader.getPackage(Ljava/lang/String;)Ljava/lang/Package; @ 47
Event: 8.790 Thread 0x0000000019336800 Uncommon trap: reason=bimorphic action=maybe_recompile pc=0x00000000035dce08 method=java.lang.ClassLoader.getPackage(Ljava/lang/String;)Ljava/lang/Package; @ 47
Event: 8.792 Thread 0x0000000019336800 Uncommon trap: reason=bimorphic action=maybe_recompile pc=0x00000000035dce08 method=java.lang.ClassLoader.getPackage(Ljava/lang/String;)Ljava/lang/Package; @ 47
Event: 8.795 Thread 0x0000000019336800 Uncommon trap: reason=bimorphic action=maybe_recompile pc=0x00000000035dce08 method=java.lang.ClassLoader.getPackage(Ljava/lang/String;)Ljava/lang/Package; @ 47
Event: 8.798 Thread 0x0000000019336800 Uncommon trap: reason=bimorphic action=maybe_recompile pc=0x00000000035b27c4 method=java.lang.ClassLoader.getPackage(Ljava/lang/String;)Ljava/lang/Package; @ 47

Internal exceptions (10 events):
Event: 8.624 Thread 0x0000000019336800 Exception <a 'java/lang/ClassNotFoundException': org/gradle/api/internal/ConventionTaskCustomizer> (0x00000000e0cfec10) thrown at [C:\src\android\AOSP-openjdk\external\jetbrains\jdk\hotspot\src\share\vm\classfile\systemDictionary.cpp, line 210]
Event: 8.627 Thread 0x0000000019336800 Exception <a 'java/lang/ClassNotFoundException': org/gradle/api/tasks/DeleteCustomizer> (0x00000000e0d2e8e0) thrown at [C:\src\android\AOSP-openjdk\external\jetbrains\jdk\hotspot\src\share\vm\classfile\systemDictionary.cpp, line 210]
Event: 8.632 Thread 0x0000000019336800 Exception <a 'java/lang/ClassNotFoundException': org/gradle/api/tasks/Delete_DecoratedCustomizer> (0x00000000e0d67a00) thrown at [C:\src\android\AOSP-openjdk\external\jetbrains\jdk\hotspot\src\share\vm\classfile\systemDictionary.cpp, line 210]
Event: 8.668 Thread 0x0000000019341800 Implicit null exception at 0x000000000386a470 to 0x000000000386a729
Event: 8.771 Thread 0x0000000019336800 Exception <a 'java/lang/ClassNotFoundException': build_c1pem1ht3v961au6dqfxxp749BeanInfo> (0x00000000e0ed8948) thrown at [C:\src\android\AOSP-openjdk\external\jetbrains\jdk\hotspot\src\share\vm\classfile\systemDictionary.cpp, line 210]
Event: 8.772 Thread 0x0000000019336800 Exception <a 'java/lang/ClassNotFoundException': build_c1pem1ht3v961au6dqfxxp749Customizer> (0x00000000e0ee7c70) thrown at [C:\src\android\AOSP-openjdk\external\jetbrains\jdk\hotspot\src\share\vm\classfile\systemDictionary.cpp, line 210]
Event: 8.779 Thread 0x0000000019336800 Exception <a 'java/lang/ClassNotFoundException': org/gradle/api/internal/plugins/DefaultObjectConfigurationActionBeanInfo> (0x00000000e0f3c968) thrown at [C:\src\android\AOSP-openjdk\external\jetbrains\jdk\hotspot\src\share\vm\classfile\systemDictionary.cp2(–óVè!@
Event: 8.780 Thread 0x0000000019336800 Exception <a 'java/lang/ClassNotFoundException': org/gradle/api/internal/plugins/DefaultObjectConfigurationActionCustomizer> (0x00000000e0f69310) thrown at [C:\src\android\AOSP-openjdk\external\jetbrains\jdk\hotspot\src\share\vm\classfile\systemDictionary.•"Ãê!@
Event: 8.783 Thread 0x0000000019336800 Exception <a 'java/lang/ClassNotFoundException': org/gradle/api/plugins/ObjectConfigurationActionBeanInfo> (0x00000000e0fadb50) thrown at [C:\src\android\AOSP-openjdk\external\jetbrains\jdk\hotspot\src\share\vm\classfile\systemDictionary.cpp, line 210]
Event: 8.784 Thread 0x0000000019336800 Exception <a 'java/lang/ClassNotFoundException': org/gradle/api/plugins/ObjectConfigurationActionCustomizer> (0x00000000e0fd34f0) thrown at [C:\src\android\AOSP-openjdk\external\jetbrains\jdk\hotspot\src\share\vm\classfile\systemDictionary.cpp, line 210]

Events (10 events):
Event: 9.010 loading class com/google/gson/internal/$Gson$Types
Event: 9.010 loading class com/google/gson/internal/$Gson$Types done
Event: 9.011 loading class com/google/gson/internal/$Gson$Types$GenericArrayTypeImpl
Event: 9.011 loading class com/google/gson/internal/$Gson$Types$GenericArrayTypeImpl done
Event: 9.012 loading class com/google/gson/internal/ConstructorConstructor$3
Event: 9.012 loading class com/google/gson/internal/ConstructorConstructor$3 done
Event: 9.013 loading class com/google/gson/annotations/SerializedName
Event: 9.013 loading class com/google/gson/annotations/SerializedName done
Event: 9.015 loading class com/google/gson/internal/Primitives
Event: 9.015 loading class com/google/gson/internal/Primitives done


Dynamic libraries:
0x00007ff7cfb70000 - 0x00007ff7cfba1000 	C:\Program Files\Android\Android Studio\jre\bin\java.exe
0x00007ffb7b8a0000 - 0x00007ffb7ba4c000 	C:\Windows\SYSTEM32\ntdll.dll
0x00007ffb7b5e0000 - 0x00007ffb7b71e000 	C:\Windows\system32\KERNEL32.DLL
0x00007ffb78ad0000 - 0x00007ffb78be5000 	C:\Windows\system32\KERNELBASE.dll
0x00007ffb7b2f0000 - 0x00007ffb7b39a000 	C:\Windows\system32\ADVAPI32.dll
0x00007ffb79760000 - 0x00007ffb798d7000 	C:\Windows\system32\USER32.dll
0x00007ffb76ad0000 - 0x00007ffb76d4a000 	C:\Windows\WinSxS\amd64_microsoft.windows.common-controls_6595b64144ccf1df_6.0.9600.17810_none_6240b9c7ecbd0bda\COMCTL32.dll
0x00007ffb7b7f0000 - 0x00007ffb7b89a000 	C:\Windows\system32\msvcrt.dll
0x00007ffb79120000 - 0x00007ffb79179000 	C:\Windows\SYSTEM32\sechost.dll
0x00007ffb794e0000 - 0x00007ffb79621000 	C:\Windows\system32\RPCRT4.dll
0x00007ffb79390000 - 0x00007ffb794e0000 	C:\Windows\system32\GDI32.dll
0x00007ffb7b3c0000 - 0x00007ffb7b3f6000 	C:\Windows\system32\IMM32.DLL
0x00007ffb78f40000 - 0x00007ffb79092000 	C:\Windows\system32\MSCTF.dll
0x00000000571b0000 - 0x0000000057282000 	C:\Program Files\Android\Android Studio\jre\jre\bin\msvcr100.dll
0x0000000057800000 - 0x0000000058034000 	C:\Program Files\Android\Android Studio\jre\jre\bin\server\jvm.dll
0x00007ffb70db0000 - 0x00007ffb70db9000 	C:\Windows\SYSTEM32\WSOCK32.dll
0x00007ffb75b30000 - 0x00007ffb75b52000 	C:\Windows\SYSTEM32\WINMM.dll
0x00007ffb75b60000 - 0x00007ffb75b6a000 	C:\Windows\SYSTEM32\VERSION.dll
0x00007ffb79180000 - 0x00007ffb79187000 	C:\Windows\system32\PSAPI.DLL
0x00007ffb798e0000 - 0x00007ffb7993a000 	C:\Windows\system32\WS2_32.dll
0x00007ffb75840000 - 0x00007ffb7586a000 	C:\Windows\SYSTEM32\WINMMBASE.dll
0x00007ffb79630000 - 0x00007ffb79639000 	C:\Windows\system32\NSI.dll
0x00007ffb78ee0000 - 0x00007ffb78f2f000 	C:\Windows\SYSTEM32\cfgmgr32.dll
0x00007ffb77800000 - 0x00007ffb77828000 	C:\Windows\SYSTEM32\DEVOBJ.dll
0x00007ffb6d7e0000 - 0x00007ffb6d7ef000 	C:\Program Files\Android\Android Studio\jre\jre\bin\verify.dll
0x00007ffb691f0000 - 0x00007ffb69219000 	C:\Program Files\Android\Android Studio\jre\jre\bin\java.dll
0x00007ffb6a090000 - 0x00007ffb6a0a6000 	C:\Program Files\Android\Android Studio\jre\jre\bin\zip.dll
0x00007ffb79940000 - 0x00007ffb7ae59000 	C:\Windows\system32\SHELL32.dll
0x00007ffb7ae60000 - 0x00007ffb7b071000 	C:\Windows\SYSTEM32\combase.dll
0x00007ffb79700000 - 0x00007ffb79754000 	C:\Windows\system32\SHLWAPI.dll
0x00007ffb76fb0000 - 0x00007ffb77062000 	C:\Windows\SYSTEM32\SHCORE.dll
0x00007ffb78a00000 - 0x00007ffb78a15000 	C:\Windows\SYSTEM32\profapi.dll
0x00007ffb67fb0000 - 0x00007ffb67fca000 	C:\Program Files\Android\Android Studio\jre\jre\bin\net.dll
0x00007ffb78210000 - 0x00007ffb78269000 	C:\Windows\system32\mswsock.dll
0x00007ffb5f910000 - 0x00007ffb5f921000 	C:\Program Files\Android\Android Studio\jre\jre\bin\nio.dll
0x00007ffb6ec80000 - 0x00007ffb6ec92000 	C:\Users\santo_000\.gradle\native\19\windows-amd64\native-platform.dll
0x00007ffb78270000 - 0x00007ffb78290000 	C:\Windows\SYSTEM32\CRYPTSP.dll
0x00007ffb77e90000 - 0x00007ffb77ec6000 	C:\Windows\system32\rsaenh.dll
0x00007ffb784c0000 - 0x00007ffb784e6000 	C:\Windows\SYSTEM32\bcrypt.dll
0x00007ffb77fa0000 - 0x00007ffb77fc1000 	C:\Windows\SYSTEM32\USERENV.dll
0x00007ffb78860000 - 0x00007ffb788c3000 	C:\Windows\system32\bcryptprimitives.dll
0x00007ffb788d0000 - 0x00007ffb788db000 	C:\Windows\SYSTEM32\CRYPTBASE.dll
0x00007ffb75350000 - 0x00007ffb7537a000 	C:\Windows\SYSTEM32\IPHLPAPI.DLL
0x00007ffb75340000 - 0x00007ffb7534a000 	C:\Windows\SYSTEM32\WINNSI.DLL
0x00007ffb72520000 - 0x00007ffb72536000 	C:\Windows\SYSTEM32\dhcpcsvc6.DLL
0x00007ffb72680000 - 0x00007ffb7269a000 	C:\Windows\SYSTEM32\dhcpcsvc.DLL
0x00007ffb6db30000 - 0x00007ffb6db3d000 	C:\Program Files\Android\Android Studio\jre\jre\bin\management.dll

VM Arguments:
jvm_args: -Xmx1536m -Dfile.encoding=windows-1252 -Duser.country=CL -Duser.language=es -Duser.variant 
java_command: org.gradle.launcher.daemon.bootstrap.GradleDaemon 2.14.1
java_class_path (initial): C:\Program Files\Android\Android Studio\gradle\gradle-2.14.1\lib\gradle-launcher-2.14.1.jar
Launcher Type: SUN_STANDARD

Environment Variables:
PATH=C:\ProgramData\Oracle\Java\javapath;C:\Program Files (x86)\NVIDIA Corporation\PhysX\Common;C:\Program Files (x86)\Intel\iCLS Client\;C:\Program Files\Intel\iCLS Client\;C:\Windows\system32;C:\Windows;C:\Windows\System32\Wbem;C:\Windows\System32\WindowsPowerShell\v1.0\;C:\Program Files\Hewlett-Packard\SimplePass\;C:\Program Files (x86)\Windows Live\Shared;C:\Program Files\Intel\Intel(R) Management Engine Components\DAL;C:\Program Files\Intel\Intel(R) Management Engine Components\IPT;C:\Program Files (x86)\Intel\Intel(R) Management Engine Components\DAL;C:\Program Files (x86)\Intel\Intel(R) Management Engine Components\IPT
USERNAME=santo_000
OS=Windows_NT
PROCESSOR_IDENTIFIER=Intel64 Family 6 Model 58 Stepping 9, GenuineIntel



---------------  S Y S T E M  ---------------

OS: Windows 8.1 , 64 bit Build 9600 (6.3.9600.17415)

CPU:total 4 (2 cores per cpu, 2 threads per core) family 6 model 58 stepping 9, cmov, cx8, fxsr, mmx, sse, sse2, sse3, ssse3, sse4.1, sse4.2, popcnt, avx, clmul, erms, ht, tsc, tscinvbit, tscinv

Memory: 4k page, physical 4083992k(742164k free), swap 4083992k(6140k free)

vm_info: OpenJDK 64-Bit Server VM (25.76-b03) for windows-amd64 JRE (1.8.0_76-release-b03), built on Jun 29 2016 19:09:20 by "ralucas" with MS VC++ 10.0 (VS2010)

time: Fri Oct 14 02:51:59 2016
elapsed time: 9 seconds (0d 0h 0m 9s)

