#
# There is insufficient memory for the Java Runtime Environment to continue.
# Native memory allocation (malloc) failed to allocate 808896 bytes for Chunk::new
# Possible reasons:
#   The system is out of physical RAM or swap space
#   In 32 bit mode, the process size limit was hit
# Possible solutions:
#   Reduce memory load on the system
#   Increase physical memory or swap space
#   Check if swap backing store is full
#   Use 64 bit Java on a 64 bit OS
#   Decrease Java heap size (-Xmx/-Xms)
#   Decrease number of Java threads
#   Decrease Java thread stack sizes (-Xss)
#   Set larger code cache with -XX:ReservedCodeCacheSize=
# This output file may be truncated or incomplete.
#
#  Out of Memory Error (allocation.cpp:390), pid=2412, tid=0x00000000000009b8
#
# JRE version: OpenJDK Runtime Environment (8.0_76-b03) (build 1.8.0_76-release-b03)
# Java VM: OpenJDK 64-Bit Server VM (25.76-b03 mixed mode windows-amd64 compressed oops)
# Failed to write core dump. Minidumps are not enabled by default on client versions of Windows
#

---------------  T H R E A D  ---------------

Current thread (0x00000000162e7800):  JavaThread "C2 CompilerThread0" daemon [_thread_in_native, id=2488, stack(0x0000000017930000,0x0000000017a30000)]

Stack: [0x0000000017930000,0x0000000017a30000]
[error occurred during error reporting (printing stack bounds), id 0xc0000005]

Native frames: (J=compiled Java code, j=interpreted, Vv=VM code, C=native code)


Current CompileTask:
C2:   9223 2891       4       org.apache.xerces.impl.XMLDTDScannerImpl::scanEntityDecl (976 bytes)


---------------  P R O C E S S  ---------------

Java Threads: ( => current thread )
  0x0000000019590000 JavaThread "File lock request listener" [_thread_in_native, id=6508, stack(0x000000001c130000,0x000000001c230000)]
  0x000000001937f000 JavaThread "Stdin handler" [_thread_blocked, id=4284, stack(0x000000001ac60000,0x000000001ad60000)]
  0x000000001937e000 JavaThread "Asynchronous log dispatcher for org.gradle.launcher.daemon.server.DefaultDaemonConnection@29811aeb" [_thread_blocked, id=4092, stack(0x000000001ab60000,0x000000001ac60000)]
  0x0000000019374800 JavaThread "Daemon worker" [_thread_in_native, id=3692, stack(0x000000001a860000,0x000000001a960000)]
  0x0000000019370000 JavaThread "Cancel handler" [_thread_blocked, id=2636, stack(0x000000001a760000,0x000000001a860000)]
  0x0000000019352800 JavaThread "Handler for socket connection from /127.0.0.1:59872 to /127.0.0.1:59873" [_thread_in_native, id=5732, stack(0x000000001a660000,0x000000001a760000)]
  0x0000000019350000 JavaThread "Daemon" [_thread_blocked, id=6108, stack(0x000000001a560000,0x000000001a660000)]
  0x00000000193a7800 JavaThread "pool-1-thread-1" [_thread_blocked, id=4492, stack(0x000000001a460000,0x000000001a560000)]
  0x0000000018ef7000 JavaThread "Incoming local TCP Connector on port 59872" [_thread_in_native, id=5172, stack(0x0000000019d80000,0x0000000019e80000)]
  0x0000000017c53000 JavaThread "Service Thread" daemon [_thread_blocked, id=6348, stack(0x0000000018030000,0x0000000018130000)]
  0x00000000162db800 JavaThread "C1 CompilerThread2" daemon [_thread_blocked, id=6596, stack(0x0000000017b30000,0x0000000017c30000)]
  0x00000000162d7800 JavaThread "C2 CompilerThread1" daemon [_thread_in_native, id=6992, stack(0x0000000017a30000,0x0000000017b30000)]
=>0x00000000162e7800 JavaThread "C2 CompilerThread0" daemon [_thread_in_native, id=2488, stack(0x0000000017930000,0x0000000017a30000)]
  0x00000000162e6000 JavaThread "Attach Listener" daemon [_thread_blocked, id=3012, stack(0x0000000017830000,0x0000000017930000)]
  0x00000000162e5000 JavaThread "Signal Dispatcher" daemon [_thread_blocked, id=3636, stack(0x0000000017730000,0x0000000017830000)]
  0x00000000028cb000 JavaThread "Finalizer" daemon [_thread_blocked, id=2924, stack(0x0000000017530000,0x0000000017630000)]
  0x00000000028bf000 JavaThread "Reference Handler" daemon [_thread_blocked, id=4060, stack(0x0000000017430000,0x0000000017530000)]
  0x00000000027d0800 JavaThread "main" [_thread_blocked, id=5268, stack(0x00000000026c0000,0x00000000027c0000)]

Other Threads:
  0x00000000162a5800 VMThread [stack: 0x0000000017330000,0x0000000017430000] [id=6944]
  0x0000000017c55800 WatcherThread [stack: 0x0000000018130000,0x0000000018230000] [id=4152]

VM state:not at safepoint (normal execution)

VM Mutex/Monitor currently owned by a thread: None

Heap:
 PSYoungGen      total 70656K, used 52150K [0x00000000e0000000, 0x00000000e4d00000, 0x0000000100000000)
  eden space 63488K, 71% used [0x00000000e0000000,0x00000000e2c6f7a8,0x00000000e3e00000)
  from space 7168K, 92% used [0x00000000e3e00000,0x00000000e447e3d0,0x00000000e4500000)
  to   space 7680K, 0% used [0x00000000e4580000,0x00000000e4580000,0x00000000e4d00000)
 ParOldGen       total 37376K, used 8703K [0x00000000a0000000, 0x00000000a2480000, 0x00000000e0000000)
  object space 37376K, 23% used [0x00000000a0000000,0x00000000a087fdd0,0x00000000a2480000)
 Metaspace       used 28306K, capacity 28918K, committed 29232K, reserved 1075200K
  class space    used 3868K, capacity 4041K, committed 4144K, reserved 1048576K

Card table byte_map: [0x0000000011d30000,0x0000000012040000] byte_map_base: 0x0000000011830000

Marking Bits: (ParMarkBitMap*) 0x0000000057fb9d00
 Begin Bits: [0x0000000012640000, 0x0000000013e40000)
 End Bits:   [0x0000000013e40000, 0x0000000015640000)

Polling page: 0x0000000000f30000

CodeCache: size=245760Kb used=10603Kb max_used=10604Kb free=235156Kb
 bounds [0x0000000002970000, 0x00000000033e0000, 0x0000000011970000]
 total_blobs=3399 nmethods=2759 adapters=553
 compilation: enabled

Compilation events (10 events):
Event: 9.180 Thread 0x00000000162d7800 nmethod 2927 0x00000000033d47d0 code [0x00000000033d4920, 0x00000000033d4d58]
Event: 9.180 Thread 0x00000000162d7800 2941       4       org.apache.xerces.impl.XMLDTDScannerImpl::scanEntityValue (596 bytes)
Event: 9.199 Thread 0x00000000162db800 2944       3       org.gradle.internal.resolve.result.DefaultBuildableModuleComponentMetaDataResolveResult::hasResult (16 bytes)
Event: 9.200 Thread 0x00000000162db800 nmethod 2944 0x00000000033d3210 code [0x00000000033d3360, 0x00000000033d3530]
Event: 9.218 Thread 0x00000000162db800 2945       3       java.util.HashMap::putAll (7 bytes)
Event: 9.218 Thread 0x00000000162db800 nmethod 2945 0x00000000033d2e10 code [0x00000000033d2f80, 0x00000000033d3188]
Event: 9.218 Thread 0x00000000162db800 2946       3       org.apache.ivy.util.extendable.UnmodifiableExtendableItem::<init> (148 bytes)
Event: 9.220 Thread 0x00000000162db800 nmethod 2946 0x00000000033d0c10 code [0x00000000033d0ee0, 0x00000000033d2478]
Event: 9.220 Thread 0x00000000162db800 2947       3       java.util.Collections$EmptyList::iterator (4 bytes)
Event: 9.220 Thread 0x00000000162db800 nmethod 2947 0x00000000033d0850 code [0x00000000033d09c0, 0x00000000033d0b70]

GC Heap History (10 events):
Event: 4.680 GC heap before
{Heap before GC invocations=6 (full 0):
 PSYoungGen      total 18944K, used 18928K [0x00000000e0000000, 0x00000000e2e00000, 0x0000000100000000)
  eden space 16384K, 100% used [0x00000000e0000000,0x00000000e1000000,0x00000000e1000000)
  from space 2560K, 99% used [0x00000000e1000000,0x00000000e127c010,0x00000000e1280000)
  to   space 7168K, 0% used [0x00000000e2700000,0x00000000e2700000,0x00000000e2e00000)
 ParOldGen       total 44032K, used 8233K [0x00000000a0000000, 0x00000000a2b00000, 0x00000000e0000000)
  object space 44032K, 18% used [0x00000000a0000000,0x00000000a080a6a8,0x00000000a2b00000)
 Metaspace       used 18904K, capacity 19254K, committed 19328K, reserved 1067008K
  class space    used 2525K, capacity 2674K, committed 2688K, reserved 1048576K
Event: 4.693 GC heap after
Heap after GC invocations=6 (full 0):
 PSYoungGen      total 39936K, used 4771K [0x00000000e0000000, 0x00000000e2e00000, 0x0000000100000000)
  eden space 32768K, 0% used [0x00000000e0000000,0x00000000e0000000,0x00000000e2000000)
  from space 7168K, 66% used [0x00000000e2700000,0x00000000e2ba8fe0,0x00000000e2e00000)
  to   space 7168K, 0% used [0x00000000e2000000,0x00000000e2000000,0x00000000e2700000)
 ParOldGen       total 44032K, used 8233K [0x00000000a0000000, 0x00000000a2b00000, 0x00000000e0000000)
  object space 44032K, 18% used [0x00000000a0000000,0x00000000a080a6a8,0x00000000a2b00000)
 Metaspace       used 18904K, capacity 19254K, committed 19328K, reserved 1067008K
  class space    used 2525K, capacity 2674K, committed 2688K, reserved 1048576K
}
Event: 5.547 GC heap before
{Heap before GC invocations=7 (full 0):
 PSYoungGen      total 39936K, used 25321K [0x00000000e0000000, 0x00000000e2e00000, 0x0000000100000000)
  eden space 32768K, 62% used [0x00000000e0000000,0x00000000e14117d0,0x00000000e2000000)
  from space 7168K, 66% used [0x00000000e2700000,0x00000000e2ba8fe0,0x00000000e2e00000)
  to   space 7168K, 0% used [0x00000000e2000000,0x00000000e2000000,0x00000000e2700000)
 ParOldGen       total 44032K, used 8233K [0x00000000a0000000, 0x00000000a2b00000, 0x00000000e0000000)
  object space 44032K, 18% used [0x00000000a0000000,0x00000000a080a6a8,0x00000000a2b00000)
 Metaspace       used 20806K, capacity 21220K, committed 21296K, reserved 1067008K
  class space    used 2704K, capacity 2830K, committed 2864K, reserved 1048576K
Event: 5.563 GC heap after
Heap after GC invocations=7 (full 0):
 PSYoungGen      total 39936K, used 5417K [0x00000000e0000000, 0x00000000e4f00000, 0x0000000100000000)
  eden space 32768K, 0% used [0x00000000e0000000,0x00000000e0000000,0x00000000e2000000)
  from space 7168K, 75% used [0x00000000e2000000,0x00000000e254a778,0x00000000e2700000)
  to   space 7680K, 0% used [0x00000000e4780000,0x00000000e4780000,0x00000000e4f00000)
 ParOldGen       total 44032K, used 8753K [0x00000000a0000000, 0x00000000a2b00000, 0x00000000e0000000)
  object space 44032K, 19% used [0x00000000a0000000,0x00000000a088c6e8,0x00000000a2b00000)
 Metaspace       used 20806K, capacity 21220K, committed 21296K, reserved 1067008K
  class space    used 2704K, capacity 2830K, committed 2864K, reserved 1048576K
}
Event: 5.563 GC heap before
{Heap before GC invocations=8 (full 1):
 PSYoungGen      total 39936K, used 5417K [0x00000000e0000000, 0x00000000e4f00000, 0x0000000100000000)
  eden space 32768K, 0% used [0x00000000e0000000,0x00000000e0000000,0x00000000e2000000)
  from space 7168K, 75% used [0x00000000e2000000,0x00000000e254a778,0x00000000e2700000)
  to   space 7680K, 0% used [0x00000000e4780000,0x00000000e4780000,0x00000000e4f00000)
 ParOldGen       total 44032K, used 8753K [0x00000000a0000000, 0x00000000a2b00000, 0x00000000e0000000)
  object space 44032K, 19% used [0x00000000a0000000,0x00000000a088c6e8,0x00000000a2b00000)
 Metaspace       used 20806K, capacity 21220K, committed 21296K, reserved 1067008K
  class space    used 2704K, capacity 2830K, committed 2864K, reserved 1048576K
Event: 5.645 GC heap after
Heap after GC invocations=8 (full 1):
 PSYoungGen      total 39936K, used 0K [0x00000000e0000000, 0x00000000e4f00000, 0x0000000100000000)
  eden space 32768K, 0% used [0x00000000e0000000,0x00000000e0000000,0x00000000e2000000)
  from space 7168K, 0% used [0x00000000e2000000,0x00000000e2000000,0x00000000e2700000)
  to   space 7680K, 0% used [0x00000000e4780000,0x00000000e4780000,0x00000000e4f00000)
 ParOldGen       total 37376K, used 8687K [0x00000000a0000000, 0x00000000a2480000, 0x00000000e0000000)
  object space 37376K, 23% used [0x00000000a0000000,0x00000000a087bdd0,0x00000000a2480000)
 Metaspace       used 20806K, capacity 21220K, committed 21296K, reserved 1067008K
  class space    used 2704K, capacity 2830K, committed 2864K, reserved 1048576K
}
Event: 6.645 GC heap before
{Heap before GC invocations=9 (full 1):
 PSYoungGen      total 39936K, used 32768K [0x00000000e0000000, 0x00000000e4f00000, 0x0000000100000000)
  eden space 32768K, 100% used [0x00000000e0000000,0x00000000e2000000,0x00000000e2000000)
  from space 7168K, 0% used [0x00000000e2000000,0x00000000e2000000,0x00000000e2700000)
  to   space 7680K, 0% used [0x00000000e4780000,0x00000000e4780000,0x00000000e4f00000)
 ParOldGen       total 37376K, used 8687K [0x00000000a0000000, 0x00000000a2480000, 0x00000000e0000000)
  object space 37376K, 23% used [0x00000000a0000000,0x00000000a087bdd0,0x00000000a2480000)
 Metaspace       used 23500K, capacity 24104K, committed 24368K, reserved 1071104K
  class space    used 3139K, capacity 3321K, committed 3376K, reserved 1048576K
Event: 6.656 GC heap after
Heap after GC invocations=9 (full 1):
 PSYoungGen      total 53760K, used 4550K [0x00000000e0000000, 0x00000000e4c00000, 0x0000000100000000)
  eden space 49152K, 0% used [0x00000000e0000000,0x00000000e0000000,0x00000000e3000000)
  from space 4608K, 98% used [0x00000000e4780000,0x00000000e4bf1940,0x00000000e4c00000)
  to   space 7168K, 0% used [0x00000000e3e00000,0x00000000e3e00000,0x00000000e4500000)
 ParOldGen       total 37376K, used 8695K [0x00000000a0000000, 0x00000000a2480000, 0x00000000e0000000)
  object space 37376K, 23% used [0x00000000a0000000,0x00000000a087ddd0,0x00000000a2480000)
 Metaspace       used 23500K, capacity 24104K, committed 24368K, reserved 1071104K
  class space    used 3139K, capacity 3321K, committed 3376K, reserved 1048576K
}
Event: 7.505 GC heap before
{Heap before GC invocations=10 (full 1):
 PSYoungGen      total 53760K, used 53702K [0x00000000e0000000, 0x00000000e4c00000, 0x0000000100000000)
  eden space 49152K, 100% used [0x00000000e0000000,0x00000000e3000000,0x00000000e3000000)
  from space 4608K, 98% used [0x00000000e4780000,0x00000000e4bf1940,0x00000000e4c00000)
  to   space 7168K, 0% used [0x00000000e3e00000,0x00000000e3e00000,0x00000000e4500000)
 ParOldGen       total 37376K, used 8695K [0x00000000a0000000, 0x00000000a2480000, 0x00000000e0000000)
  object space 37376K, 23% used [0x00000000a0000000,0x00000000a087ddd0,0x00000000a2480000)
 Metaspace       used 27383K, capacity 27998K, committed 28080K, reserved 1073152K
  class space    used 3767K, capacity 3973K, committed 4016K, reserved 1048576K
Event: 7.514 GC heap after
Heap after GC invocations=10 (full 1):
 PSYoungGen      total 70656K, used 6648K [0x00000000e0000000, 0x00000000e4d00000, 0x0000000100000000)
  eden space 63488K, 0% used [0x00000000e0000000,0x00000000e0000000,0x00000000e3e00000)
  from space 7168K, 92% used [0x00000000e3e00000,0x00000000e447e3d0,0x00000000e4500000)
  to   space 7680K, 0% used [0x00000000e4580000,0x00000000e4580000,0x00000000e4d00000)
 ParOldGen       total 37376K, used 8703K [0x00000000a0000000, 0x00000000a2480000, 0x00000000e0000000)
  object space 37376K, 23% used [0x00000000a0000000,0x00000000a087fdd0,0x00000000a2480000)
 Metaspace       used 27383K, capacity 27998K, committed 28080K, reserved 1073152K
  class space    used 3767K, capacity 3973K, committed 4016K, reserved 1048576K
}

Deoptimization events (10 events):
Event: 8.264 Thread 0x0000000019374800 Uncommon trap: reason=unstable_if action=reinterpret pc=0x000000000334ea00 method=org.apache.xerces.dom.DeferredDocumentImpl.ensureCapacity(I)V @ 281
Event: 8.266 Thread 0x0000000019374800 Uncommon trap: reason=unstable_if action=reinterpret pc=0x00000000032b278c method=org.apache.xerces.dom.ParentNode.nodeListGetLength()I @ 22
Event: 8.283 Thread 0x0000000019374800 Uncommon trap: reason=unstable_if action=reinterpret pc=0x00000000032afa9c method=org.apache.xerces.dom.ParentNode.nodeListGetLength()I @ 22
Event: 8.353 Thread 0x0000000019374800 Uncommon trap: reason=unstable_if action=reinterpret pc=0x000000000338e630 method=org.apache.xerces.parsers.AbstractDOMParser.characters(Lorg/apache/xerces/xni/XMLString;Lorg/apache/xerces/xni/Augmentations;)V @ 266
Event: 8.846 Thread 0x0000000019374800 Uncommon trap: reason=unstable_if action=reinterpret pc=0x000000000334ce74 method=org.apache.xerces.impl.XMLEntityScanner.skipSpaces()Z @ 70
Event: 8.846 Thread 0x0000000019374800 Uncommon trap: reason=unstable_if action=reinterpret pc=0x0000000003380e5c method=org.apache.xerces.impl.XMLEntityScanner.scanContent(Lorg/apache/xerces/xni/XMLString;)I @ 134
Event: 8.847 Thread 0x0000000019374800 Uncommon trap: reason=unstable_if action=reinterpret pc=0x0000000003324e84 method=org.apache.xerces.impl.XMLEntityScanner.skipSpaces()Z @ 70
Event: 8.934 Thread 0x0000000019374800 Uncommon trap: reason=unstable_if action=reinterpret pc=0x0000000002af94fc method=org.apache.xerces.impl.XMLEntityScanner.scanData(Ljava/lang/String;Lorg/apache/xerces/util/XMLStringBuffer;)Z @ 332
Event: 8.934 Thread 0x0000000019374800 Uncommon trap: reason=unstable_if action=reinterpret pc=0x0000000003324168 method=org.apache.xerces.impl.XMLEntityScanner.peekChar()I @ 53
Event: 8.934 Thread 0x0000000019374800 Uncommon trap: reason=unstable_if action=reinterpret pc=0x0000000002c60140 method=org.apache.xerces.impl.XMLEntityScanner.scanContent(Lorg/apache/xerces/xni/XMLString;)I @ 684

Internal exceptions (10 events):
Event: 6.703 Thread 0x0000000019374800 Exception <a 'java/lang/ClassNotFoundException': org/gradle/tooling/provider/model/internal/DefaultToolingModelBuilderRegistryCustomizer> (0x00000000e0146140) thrown at [C:\src\android\AOSP-openjdk\external\jetbrains\jdk\hotspot\src\share\vm\classfile\systyÊiDóf@
Event: 6.851 Thread 0x0000000019374800 Exception <a 'java/lang/ClassNotFoundException': build_9z4kvs74rozjtj21c23hmcdlwBeanInfo> (0x00000000e058e3b0) thrown at [C:\src\android\AOSP-openjdk\external\jetbrains\jdk\hotspot\src\share\vm\classfile\systemDictionary.cpp, line 210]
Event: 6.852 Thread 0x0000000019374800 Exception <a 'java/lang/ClassNotFoundException': org/gradle/api/internal/project/ProjectScriptBeanInfo> (0x00000000e059d428) thrown at [C:\src\android\AOSP-openjdk\external\jetbrains\jdk\hotspot\src\share\vm\classfile\systemDictionary.cpp, line 210]
Event: 6.852 Thread 0x0000000019374800 Exception <a 'java/lang/ClassNotFoundException': org/gradle/api/internal/project/ProjectScriptCustomizer> (0x00000000e05ac830) thrown at [C:\src\android\AOSP-openjdk\external\jetbrains\jdk\hotspot\src\share\vm\classfile\systemDictionary.cpp, line 210]
Event: 6.854 Thread 0x0000000019374800 Exception <a 'java/lang/ClassNotFoundException': build_9z4kvs74rozjtj21c23hmcdlwCustomizer> (0x00000000e05ca410) thrown at [C:\src\android\AOSP-openjdk\external\jetbrains\jdk\hotspot\src\share\vm\classfile\systemDictionary.cpp, line 210]
Event: 7.057 Thread 0x0000000019374800 Exception <a 'java/lang/ClassNotFoundException': org/gradle/api/internal/artifacts/dsl/dependencies/DefaultDependencyHandler_DecoratedBeanInfo> (0x00000000e0fa8338) thrown at [C:\src\android\AOSP-openjdk\external\jetbrains\jdk\hotspot\src\share\vm\classfil+?u)ï;@
Event: 7.059 Thread 0x0000000019374800 Exception <a 'java/lang/ClassNotFoundException': org/gradle/api/internal/artifacts/dsl/dependencies/DefaultDependencyHandlerBeanInfo> (0x00000000e0fd2620) thrown at [C:\src\android\AOSP-openjdk\external\jetbrains\jdk\hotspot\src\share\vm\classfile\systemDi…êÉû:=@
Event: 7.060 Thread 0x0000000019374800 Exception <a 'java/lang/ClassNotFoundException': org/gradle/api/internal/artifacts/dsl/dependencies/DefaultDependencyHandlerCustomizer> (0x00000000e0ffcfc8) thrown at [C:\src\android\AOSP-openjdk\external\jetbrains\jdk\hotspot\src\share\vm\classfile\systemo$êÈ@@
Event: 7.063 Thread 0x0000000019374800 Exception <a 'java/lang/ClassNotFoundException': org/gradle/api/internal/artifacts/dsl/dependencies/DefaultDependencyHandler_DecoratedCustomizer> (0x00000000e103b728) thrown at [C:\src\android\AOSP-openjdk\external\jetbrains\jdk\hotspot\src\share\vm\classfeËên@
Event: 7.357 Thread 0x0000000019374800 Implicit null exception at 0x0000000002e37562 to 0x0000000002e37a3d

Events (10 events):
Event: 9.002 Thread 0x0000000019374800 DEOPT PACKING pc=0x0000000002c00315 sp=0x000000001a95b4f0
Event: 9.002 Thread 0x0000000019374800 DEOPT UNPACKING pc=0x00000000029b75bf sp=0x000000001a95b238 mode 0
Event: 9.103 Thread 0x0000000019374800 DEOPT PACKING pc=0x0000000002c00315 sp=0x000000001a95b3d0
Event: 9.103 Thread 0x0000000019374800 DEOPT UNPACKING pc=0x00000000029b75bf sp=0x000000001a95b118 mode 0
Event: 9.143 Thread 0x0000000019374800 DEOPT PACKING pc=0x0000000002c00315 sp=0x000000001a95a640
Event: 9.143 Thread 0x0000000019374800 DEOPT UNPACKING pc=0x00000000029b75bf sp=0x000000001a95a388 mode 0
Event: 9.168 loading class org/gradle/api/internal/artifacts/ivyservice/resolveengine/graph/conflicts/ConflictContainer$Conflict
Event: 9.168 loading class org/gradle/api/internal/artifacts/ivyservice/resolveengine/graph/conflicts/ConflictContainer$Conflict done
Event: 9.168 loading class org/gradle/api/internal/artifacts/ivyservice/resolveengine/graph/DependencyGraphBuilder$1
Event: 9.168 loading class org/gradle/api/internal/artifacts/ivyservice/resolveengine/graph/DependencyGraphBuilder$1 done


Dynamic libraries:
0x00007ff7cfb70000 - 0x00007ff7cfba1000 	C:\Program Files\Android\Android Studio\jre\bin\java.exe
0x00007ffb7b8a0000 - 0x00007ffb7ba4c000 	C:\Windows\SYSTEM32\ntdll.dll
0x00007ffb7b5e0000 - 0x00007ffb7b71e000 	C:\Windows\system32\KERNEL32.DLL
0x00007ffb78ad0000 - 0x00007ffb78be5000 	C:\Windows\system32\KERNELBASE.dll
0x00007ffb7b2f0000 - 0x00007ffb7b39a000 	C:\Windows\system32\ADVAPI32.dll
0x00007ffb79760000 - 0x00007ffb798d7000 	C:\Windows\system32\USER32.dll
0x00007ffb76ad0000 - 0x00007ffb76d4a000 	C:\Windows\WinSxS\amd64_microsoft.windows.common-controls_6595b64144ccf1df_6.0.9600.17810_none_6240b9c7ecbd0bda\COMCTL32.dll
0x00007ffb7b7f0000 - 0x00007ffb7b89a000 	C:\Windows\system32\msvcrt.dll
0x00007ffb79120000 - 0x00007ffb79179000 	C:\Windows\SYSTEM32\sechost.dll
0x00007ffb794e0000 - 0x00007ffb79621000 	C:\Windows\system32\RPCRT4.dll
0x00007ffb79390000 - 0x00007ffb794e0000 	C:\Windows\system32\GDI32.dll
0x00007ffb7b3c0000 - 0x00007ffb7b3f6000 	C:\Windows\system32\IMM32.DLL
0x00007ffb78f40000 - 0x00007ffb79092000 	C:\Windows\system32\MSCTF.dll
0x00000000571b0000 - 0x0000000057282000 	C:\Program Files\Android\Android Studio\jre\jre\bin\msvcr100.dll
0x0000000057800000 - 0x0000000058034000 	C:\Program Files\Android\Android Studio\jre\jre\bin\server\jvm.dll
0x00007ffb70db0000 - 0x00007ffb70db9000 	C:\Windows\SYSTEM32\WSOCK32.dll
0x00007ffb75b30000 - 0x00007ffb75b52000 	C:\Windows\SYSTEM32\WINMM.dll
0x00007ffb75b60000 - 0x00007ffb75b6a000 	C:\Windows\SYSTEM32\VERSION.dll
0x00007ffb79180000 - 0x00007ffb79187000 	C:\Windows\system32\PSAPI.DLL
0x00007ffb798e0000 - 0x00007ffb7993a000 	C:\Windows\system32\WS2_32.dll
0x00007ffb75840000 - 0x00007ffb7586a000 	C:\Windows\SYSTEM32\WINMMBASE.dll
0x00007ffb79630000 - 0x00007ffb79639000 	C:\Windows\system32\NSI.dll
0x00007ffb78ee0000 - 0x00007ffb78f2f000 	C:\Windows\SYSTEM32\cfgmgr32.dll
0x00007ffb77800000 - 0x00007ffb77828000 	C:\Windows\SYSTEM32\DEVOBJ.dll
0x00007ffb6d7e0000 - 0x00007ffb6d7ef000 	C:\Program Files\Android\Android Studio\jre\jre\bin\verify.dll
0x00007ffb691f0000 - 0x00007ffb69219000 	C:\Program Files\Android\Android Studio\jre\jre\bin\java.dll
0x00007ffb6a090000 - 0x00007ffb6a0a6000 	C:\Program Files\Android\Android Studio\jre\jre\bin\zip.dll
0x00007ffb79940000 - 0x00007ffb7ae59000 	C:\Windows\system32\SHELL32.dll
0x00007ffb7ae60000 - 0x00007ffb7b071000 	C:\Windows\SYSTEM32\combase.dll
0x00007ffb79700000 - 0x00007ffb79754000 	C:\Windows\system32\SHLWAPI.dll
0x00007ffb76fb0000 - 0x00007ffb77062000 	C:\Windows\SYSTEM32\SHCORE.dll
0x00007ffb78a00000 - 0x00007ffb78a15000 	C:\Windows\SYSTEM32\profapi.dll
0x00007ffb67fb0000 - 0x00007ffb67fca000 	C:\Program Files\Android\Android Studio\jre\jre\bin\net.dll
0x00007ffb78210000 - 0x00007ffb78269000 	C:\Windows\system32\mswsock.dll
0x00007ffb5f910000 - 0x00007ffb5f921000 	C:\Program Files\Android\Android Studio\jre\jre\bin\nio.dll
0x00007ffb6ec80000 - 0x00007ffb6ec92000 	C:\Users\santo_000\.gradle\native\19\windows-amd64\native-platform.dll
0x00007ffb78270000 - 0x00007ffb78290000 	C:\Windows\SYSTEM32\CRYPTSP.dll
0x00007ffb77e90000 - 0x00007ffb77ec6000 	C:\Windows\system32\rsaenh.dll
0x00007ffb784c0000 - 0x00007ffb784e6000 	C:\Windows\SYSTEM32\bcrypt.dll
0x00007ffb77fa0000 - 0x00007ffb77fc1000 	C:\Windows\SYSTEM32\USERENV.dll
0x00007ffb78860000 - 0x00007ffb788c3000 	C:\Windows\system32\bcryptprimitives.dll
0x00007ffb788d0000 - 0x00007ffb788db000 	C:\Windows\SYSTEM32\CRYPTBASE.dll
0x00007ffb75350000 - 0x00007ffb7537a000 	C:\Windows\SYSTEM32\IPHLPAPI.DLL
0x00007ffb75340000 - 0x00007ffb7534a000 	C:\Windows\SYSTEM32\WINNSI.DLL
0x00007ffb72520000 - 0x00007ffb72536000 	C:\Windows\SYSTEM32\dhcpcsvc6.DLL
0x00007ffb72680000 - 0x00007ffb7269a000 	C:\Windows\SYSTEM32\dhcpcsvc.DLL
0x00007ffb6db30000 - 0x00007ffb6db3d000 	C:\Program Files\Android\Android Studio\jre\jre\bin\management.dll

VM Arguments:
jvm_args: -Xmx1536m -Dfile.encoding=windows-1252 -Duser.country=CL -Duser.language=es -Duser.variant 
java_command: org.gradle.launcher.daemon.bootstrap.GradleDaemon 2.14.1
java_class_path (initial): C:\Program Files\Android\Android Studio\gradle\gradle-2.14.1\lib\gradle-launcher-2.14.1.jar
Launcher Type: SUN_STANDARD

Environment Variables:
PATH=C:\ProgramData\Oracle\Java\javapath;C:\Program Files (x86)\NVIDIA Corporation\PhysX\Common;C:\Program Files (x86)\Intel\iCLS Client\;C:\Program Files\Intel\iCLS Client\;C:\Windows\system32;C:\Windows;C:\Windows\System32\Wbem;C:\Windows\System32\WindowsPowerShell\v1.0\;C:\Program Files\Hewlett-Packard\SimplePass\;C:\Program Files (x86)\Windows Live\Shared;C:\Program Files\Intel\Intel(R) Management Engine Components\DAL;C:\Program Files\Intel\Intel(R) Management Engine Components\IPT;C:\Program Files (x86)\Intel\Intel(R) Management Engine Components\DAL;C:\Program Files (x86)\Intel\Intel(R) Management Engine Components\IPT
USERNAME=santo_000
OS=Windows_NT
PROCESSOR_IDENTIFIER=Intel64 Family 6 Model 58 Stepping 9, GenuineIntel



---------------  S Y S T E M  ---------------

OS: Windows 8.1 , 64 bit Build 9600 (6.3.9600.17415)

CPU:total 4 (2 cores per cpu, 2 threads per core) family 6 model 58 stepping 9, cmov, cx8, fxsr, mmx, sse, sse2, sse3, ssse3, sse4.1, sse4.2, popcnt, avx, clmul, erms, ht, tsc, tscinvbit, tscinv

Memory: 4k page, physical 4083992k(724272k free), swap 4083992k(3456k free)

vm_info: OpenJDK 64-Bit Server VM (25.76-b03) for windows-amd64 JRE (1.8.0_76-release-b03), built on Jun 29 2016 19:09:20 by "ralucas" with MS VC++ 10.0 (VS2010)

time: Fri Oct 14 02:53:55 2016
elapsed time: 9 seconds (0d 0h 0m 9s)

